<testsuites name="Mocha Tests">
  <testsuite name="test HSL to RGB" tests="9" errors="0" failures="0" skipped="0" timestamp="2020-03-17T18:06:57" time="0.014">
    <testcase classname="test HSL to RGB" name="conversione da HSL a RGB" time="0.002">
    </testcase>
    <testcase classname="test HSL to RGB" name="conversione da HSL a RGB" time="0">
    </testcase>
    <testcase classname="test HSL to RGB" name="conversione da HSL a RGB" time="0">
    </testcase>
    <testcase classname="test HSL to RGB" name="conversione da HSL a RGB" time="0.001">
    </testcase>
    <testcase classname="test HSL to RGB" name="conversione da HSL a RGB" time="0">
    </testcase>
    <testcase classname="test HSL to RGB" name="conversione da HSL a RGB" time="0">
    </testcase>
    <testcase classname="test HSL to RGB" name="conversione da HSL a RGB" time="0">
    </testcase>
    <testcase classname="test HSL to RGB" name="conversione da HSL a RGB" time="0">
    </testcase>
    <testcase classname="test HSL to RGB" name="conversione da HSL a RGB" time="0">
    </testcase>
  </testsuite>
</testsuites>