<testsuites name="Mocha Tests">
  <testsuite name="test HEX to CMYK" tests="9" errors="0" failures="0" skipped="0" timestamp="2020-03-17T17:31:54" time="0.019">
    <testcase classname="test HEX to CMYK" name="conversione da HEX a CMYK" time="0.002">
    </testcase>
    <testcase classname="test HEX to CMYK" name="conversione da HEX a CMYK" time="0">
    </testcase>
    <testcase classname="test HEX to CMYK" name="conversione da HEX a CMYK" time="0">
    </testcase>
    <testcase classname="test HEX to CMYK" name="conversione da HEX a CMYK" time="0">
    </testcase>
    <testcase classname="test HEX to CMYK" name="conversione da HEX a CMYK" time="0">
    </testcase>
    <testcase classname="test HEX to CMYK" name="conversione da HEX a CMYK" time="0">
    </testcase>
    <testcase classname="test HEX to CMYK" name="conversione da HEX a CMYK" time="0">
    </testcase>
    <testcase classname="test HEX to CMYK" name="conversione da HEX a CMYK" time="0">
    </testcase>
    <testcase classname="test HEX to CMYK" name="conversione da HEX a CMYK" time="0">
    </testcase>
  </testsuite>
</testsuites>